#
# There is insufficient memory for the Java Runtime Environment to continue.
# Native memory allocation (mmap) failed to map 134217728 bytes for Failed to commit area from 0x0000000081a00000 to 0x0000000089a00000 of length 134217728.
# Possible reasons:
#   The system is out of physical RAM or swap space
#   The process is running with CompressedOops enabled, and the Java Heap may be blocking the growth of the native heap
# Possible solutions:
#   Reduce memory load on the system
#   Increase physical memory or swap space
#   Check if swap backing store is full
#   Decrease Java heap size (-Xmx/-Xms)
#   Decrease number of Java threads
#   Decrease Java thread stack sizes (-Xss)
#   Set larger code cache with -XX:ReservedCodeCacheSize=
# This output file may be truncated or incomplete.
#
#  Out of Memory Error (./src/hotspot/os/windows/os_windows.cpp:3386), pid=38368, tid=39436
#
# JRE version:  (11.0.16+8) (build )
# Java VM: OpenJDK 64-Bit Server VM (11.0.16+8, mixed mode, sharing, tiered, compressed oops, g1 gc, windows-amd64)
# No core dump will be written. Minidumps are not enabled by default on client versions of Windows
#

---------------  S U M M A R Y ------------

Command Line: org.jetbrains.kotlin.cli.jvm.K2JVMCompiler @C:\Users\cedric\Desktop\react-native\mobile-projet\mobileApp\node_modules\react-native-safe-area-context\android\build\20230227_11140613467943624033.compiler.options

Host: Intel(R) Core(TM) i3-6100U CPU @ 2.30GHz, 4 cores, 7G,  Windows 10 , 64 bit Build 19041 (10.0.19041.2251)
Time: Mon Feb 27 11:13:32 2023 Paris, Madrid elapsed time: 0.220827 seconds (0d 0h 0m 0s)

---------------  T H R E A D  ---------------

Current thread (0x000001af25554800):  JavaThread "Unknown thread" [_thread_in_vm, id=39436, stack(0x000000a489800000,0x000000a489900000)]

Stack: [0x000000a489800000,0x000000a489900000]
Native frames: (J=compiled Java code, j=interpreted, Vv=VM code, C=native code)
V  [jvm.dll+0x61f1da]
V  [jvm.dll+0x7abc69]
V  [jvm.dll+0x7ad358]
V  [jvm.dll+0x7ada33]
V  [jvm.dll+0x24fb08]
V  [jvm.dll+0x61c4ea]
V  [jvm.dll+0x610c95]
V  [jvm.dll+0x307a2c]
V  [jvm.dll+0x3078b2]
V  [jvm.dll+0x30c5c6]
V  [jvm.dll+0x352b8f]
V  [jvm.dll+0x3525c0]
V  [jvm.dll+0x2e4a28]
V  [jvm.dll+0x2e5b86]
V  [jvm.dll+0x785ab7]
V  [jvm.dll+0x78723f]
V  [jvm.dll+0x35f8d9]
V  [jvm.dll+0x768950]
V  [jvm.dll+0x3cd3ff]
V  [jvm.dll+0x3cf791]
C  [jli.dll+0x5207]
C  [ucrtbase.dll+0x21bb2]
C  [KERNEL32.DLL+0x174b4]
C  [ntdll.dll+0x526a1]


---------------  P R O C E S S  ---------------

Threads class SMR info:
_java_thread_list=0x000001af253881d0, length=0, elements={
}

Java Threads: ( => current thread )

Other Threads:
  0x000001af2556c000 GCTaskThread "GC Thread#0" [stack: 0x000000a489900000,0x000000a489a00000] [id=32100]
  0x000001af2559e000 ConcurrentGCThread "G1 Main Marker" [stack: 0x000000a489a00000,0x000000a489b00000] [id=37232]
  0x000001af2559f800 ConcurrentGCThread "G1 Conc#0" [stack: 0x000000a489b00000,0x000000a489c00000] [id=37940]

[error occurred during error reporting (printing all threads), id 0xc0000005, EXCEPTION_ACCESS_VIOLATION (0xc0000005) at pc=0x00007ffa1c8f41f7]

VM state:not at safepoint (not fully initialized)

VM Mutex/Monitor currently owned by a thread:  ([mutex/lock_event])
[0x000001af25551fe0] Heap_lock - owner thread: 0x000001af25554800

Heap address: 0x0000000081a00000, size: 2022 MB, Compressed Oops mode: Non-zero based: 0x0000000081a00000
Narrow klass base: 0x0000000000000000, Narrow klass shift: 0

GC Heap History (0 events):
No events

Deoptimization events (0 events):
No events

Classes redefined (0 events):
No events

Internal exceptions (0 events):
No events

Events (1 events):
Event: 0.056 Loaded shared library C:\Program Files\Eclipse Adoptium\jdk-11.0.16.8-hotspot\bin\zip.dll


Dynamic libraries:
0x00007ff6e07c0000 - 0x00007ff6e07cd000 	C:\Program Files\Eclipse Adoptium\jdk-11.0.16.8-hotspot\bin\java.exe
0x00007ffa75750000 - 0x00007ffa75948000 	C:\WINDOWS\SYSTEM32\ntdll.dll
0x00007ffa74440000 - 0x00007ffa744ff000 	C:\WINDOWS\System32\KERNEL32.DLL
0x00007ffa72f00000 - 0x00007ffa731d2000 	C:\WINDOWS\System32\KERNELBASE.dll
0x00007ffa73510000 - 0x00007ffa73610000 	C:\WINDOWS\System32\ucrtbase.dll
0x00007ffa6e1a0000 - 0x00007ffa6e1b7000 	C:\Program Files\Eclipse Adoptium\jdk-11.0.16.8-hotspot\bin\jli.dll
0x00007ffa74870000 - 0x00007ffa74a0d000 	C:\WINDOWS\System32\USER32.dll
0x00007ffa73440000 - 0x00007ffa73462000 	C:\WINDOWS\System32\win32u.dll
0x00007ffa743a0000 - 0x00007ffa743cb000 	C:\WINDOWS\System32\GDI32.dll
0x00007ffa731e0000 - 0x00007ffa732ef000 	C:\WINDOWS\System32\gdi32full.dll
0x00007ffa73470000 - 0x00007ffa7350d000 	C:\WINDOWS\System32\msvcp_win.dll
0x00007ffa6e1f0000 - 0x00007ffa6e205000 	C:\Program Files\Eclipse Adoptium\jdk-11.0.16.8-hotspot\bin\VCRUNTIME140.dll
0x00007ffa5e6b0000 - 0x00007ffa5e94a000 	C:\WINDOWS\WinSxS\amd64_microsoft.windows.common-controls_6595b64144ccf1df_6.0.19041.1110_none_60b5254171f9507e\COMCTL32.dll
0x00007ffa74b20000 - 0x00007ffa74bbe000 	C:\WINDOWS\System32\msvcrt.dll
0x00007ffa74140000 - 0x00007ffa74172000 	C:\WINDOWS\System32\IMM32.DLL
0x00007ffa2af40000 - 0x00007ffa2afdb000 	C:\Program Files\Eclipse Adoptium\jdk-11.0.16.8-hotspot\bin\msvcp140.dll
0x00007ffa1c600000 - 0x00007ffa1d182000 	C:\Program Files\Eclipse Adoptium\jdk-11.0.16.8-hotspot\bin\server\jvm.dll
0x00007ffa74a70000 - 0x00007ffa74b1e000 	C:\WINDOWS\System32\ADVAPI32.dll
0x00007ffa746b0000 - 0x00007ffa7474c000 	C:\WINDOWS\System32\sechost.dll
0x00007ffa73b10000 - 0x00007ffa73c35000 	C:\WINDOWS\System32\RPCRT4.dll
0x00007ffa74180000 - 0x00007ffa74188000 	C:\WINDOWS\System32\PSAPI.DLL
0x00007ffa5ccd0000 - 0x00007ffa5ccd9000 	C:\WINDOWS\SYSTEM32\WSOCK32.dll
0x00007ffa743d0000 - 0x00007ffa7443b000 	C:\WINDOWS\System32\WS2_32.dll
0x00007ffa582b0000 - 0x00007ffa582d7000 	C:\WINDOWS\SYSTEM32\WINMM.dll
0x00007ffa69510000 - 0x00007ffa6951a000 	C:\WINDOWS\SYSTEM32\VERSION.dll
0x00007ffa71660000 - 0x00007ffa71672000 	C:\WINDOWS\SYSTEM32\kernel.appcore.dll
0x00007ffa6e170000 - 0x00007ffa6e180000 	C:\Program Files\Eclipse Adoptium\jdk-11.0.16.8-hotspot\bin\verify.dll
0x00007ffa70bc0000 - 0x00007ffa70da4000 	C:\WINDOWS\SYSTEM32\DBGHELP.DLL
0x00007ffa58270000 - 0x00007ffa5829c000 	C:\WINDOWS\SYSTEM32\dbgcore.DLL
0x00007ffa732f0000 - 0x00007ffa73372000 	C:\WINDOWS\System32\bcryptPrimitives.dll
0x00007ffa3e700000 - 0x00007ffa3e728000 	C:\Program Files\Eclipse Adoptium\jdk-11.0.16.8-hotspot\bin\java.dll
0x00007ffa6df10000 - 0x00007ffa6df1a000 	C:\Program Files\Eclipse Adoptium\jdk-11.0.16.8-hotspot\bin\jimage.dll
0x00007ffa5f400000 - 0x00007ffa5f418000 	C:\Program Files\Eclipse Adoptium\jdk-11.0.16.8-hotspot\bin\zip.dll

dbghelp: loaded successfully - version: 4.0.5 - missing functions: none
symbol engine: initialized successfully - sym options: 0x614 - pdb path: .;C:\Program Files\Eclipse Adoptium\jdk-11.0.16.8-hotspot\bin;C:\WINDOWS\SYSTEM32;C:\WINDOWS\WinSxS\amd64_microsoft.windows.common-controls_6595b64144ccf1df_6.0.19041.1110_none_60b5254171f9507e;C:\Program Files\Eclipse Adoptium\jdk-11.0.16.8-hotspot\bin\server

VM Arguments:
java_command: org.jetbrains.kotlin.cli.jvm.K2JVMCompiler @C:\Users\cedric\Desktop\react-native\mobile-projet\mobileApp\node_modules\react-native-safe-area-context\android\build\20230227_11140613467943624033.compiler.options
java_class_path (initial): C:\Users\cedric\.gradle\caches\modules-2\files-2.1\org.jetbrains.kotlin\kotlin-compiler-embeddable\1.6.20\18f66cca4301c12893ebe4ef47d65c3d9d2bff9b\kotlin-compiler-embeddable-1.6.20.jar;C:\Users\cedric\.gradle\caches\modules-2\files-2.1\org.jetbrains.kotlin\kotlin-reflect\1.6.20\669965154723f1a712e8677af0cc5470dfdab81c\kotlin-reflect-1.6.20.jar;C:\Users\cedric\.gradle\caches\modules-2\files-2.1\org.jetbrains.kotlin\kotlin-stdlib\1.6.20\6cedc143badbb4f1c6b7f5a340b04edff1743208\kotlin-stdlib-1.6.20.jar;C:\Users\cedric\.gradle\caches\modules-2\files-2.1\org.jetbrains.kotlin\kotlin-script-runtime\1.6.20\a115c367e0fd9c8909293b208689afca0c88a6f1\kotlin-script-runtime-1.6.20.jar;C:\Users\cedric\.gradle\caches\modules-2\files-2.1\org.jetbrains.kotlin\kotlin-daemon-embeddable\1.6.20\d4cac343029f48f106c57f457384771165d7deb5\kotlin-daemon-embeddable-1.6.20.jar;C:\Users\cedric\.gradle\caches\modules-2\files-2.1\org.jetbrains.intellij.deps\trove4j\1.0.20200330\3afb14d5f9ceb459d724e907a21145e8ff394f02\trove4j-1.0.20200330.jar;C:\Users\cedric\.gradle\caches\modules-2\files-2.1\net.java.dev.jna\jna\5.6.0\330f2244e9030119ab3030fc3fededc86713d9cc\jna-5.6.0.jar;C:\Users\cedric\.gradle\caches\modules-2\files-2.1\org.jetbrains.kotlin\kotlin-stdlib-common\1.6.20\27b4562b6713d70f458c6d7ea39aadacb8e6a92b\kotlin-stdlib-common-1.6.20.jar;C:\Users\cedric\.gradle\caches\modules-2\files-2.1\org.jetbrains\annotations\13.0\919f0dfe192fb4e063e7dacadee7f8bb9a2672a9\annotations-13.0.jar
Launcher Type: SUN_STANDARD

[Global flags]
     intx CICompilerCount                          = 3                                         {product} {ergonomic}
     uint ConcGCThreads                            = 1                                         {product} {ergonomic}
     uint G1ConcRefinementThreads                  = 4                                         {product} {ergonomic}
   size_t G1HeapRegionSize                         = 1048576                                   {product} {ergonomic}
    uintx GCDrainStackTargetSize                   = 64                                        {product} {ergonomic}
   size_t InitialHeapSize                          = 134217728                                 {product} {ergonomic}
   size_t MarkStackSize                            = 4194304                                   {product} {ergonomic}
   size_t MaxHeapSize                              = 2120220672                                {product} {ergonomic}
   size_t MinHeapDeltaBytes                        = 1048576                                   {product} {ergonomic}
    uintx NonNMethodCodeHeapSize                   = 5830732                                {pd product} {ergonomic}
    uintx NonProfiledCodeHeapSize                  = 122913754                              {pd product} {ergonomic}
    uintx ProfiledCodeHeapSize                     = 122913754                              {pd product} {ergonomic}
    uintx ReservedCodeCacheSize                    = 251658240                              {pd product} {ergonomic}
     bool SegmentedCodeCache                       = true                                      {product} {ergonomic}
     bool UseCompressedClassPointers               = true                                 {lp64_product} {ergonomic}
     bool UseCompressedOops                        = true                                 {lp64_product} {ergonomic}
     bool UseG1GC                                  = true                                      {product} {ergonomic}
     bool UseLargePagesIndividualAllocation        = false                                  {pd product} {ergonomic}

Logging:
Log output configuration:
 #0: stdout all=warning uptime,level,tags
 #1: stderr all=off uptime,level,tags

Environment Variables:
CLASSPATH=C:\Users\cedric\Desktop\react-native\mobile-projet\mobileApp\android\\gradle\wrapper\gradle-wrapper.jar
PATH=C:\Users\cedric\Desktop\react-native\mobile-projet\mobileApp\android\node_modules\.bin;C:\Users\cedric\Desktop\react-native\mobile-projet\mobileApp\node_modules\.bin;C:\Users\cedric\Desktop\react-native\mobile-projet\node_modules\.bin;C:\Users\cedric\Desktop\react-native\node_modules\.bin;C:\Users\cedric\Desktop\node_modules\.bin;C:\Users\cedric\node_modules\.bin;C:\Users\node_modules\.bin;C:\node_modules\.bin;C:\Program Files\nodejs;C:\Users\cedric\Desktop\react-native\mobile-projet\mobileApp\node_modules\.bin;C:\Users\cedric\Desktop\react-native\mobile-projet\mobileApp\node_modules\.bin;C:\Users\cedric\Desktop\react-native\mobile-projet\node_modules\.bin;C:\Users\cedric\Desktop\react-native\node_modules\.bin;C:\Users\cedric\Desktop\node_modules\.bin;C:\Users\cedric\node_modules\.bin;C:\Users\node_modules\.bin;C:\node_modules\.bin;C:\Users\cedric\AppData\Roaming\npm\node_modules\npm\node_modules\@npmcli\run-script\lib\node-gyp-bin;C:\Users\cedric\Desktop\react-native\mobile-projet\mobileApp\node_modules\.bin;C:\Users\cedric\Desktop\react-native\mobile-projet\node_modules\.bin;C:\Users\cedric\Desktop\react-native\node_modules\.bin;C:\Users\cedric\Desktop\node_modules\.bin;C:\Users\cedric\node_modules\.bin;C:\Users\node_modules\.bin;C:\node_modules\.bin;C:\Program Files\nodejs;C:\Users\cedric\Desktop\react-native\mobile-projet\mobileApp\node_modules\.bin;C:\Users\cedric\Desktop\react-native\mobile-projet\mobileApp\node_modules\.bin;C:\Users\cedric\Desktop\react-native\mobile-projet\node_modules\.bin;C:\Users\cedric\Desktop\react-native\node_modules\.bin;C:\Users\cedric\Desktop\node_modules\.bin;C:\Users\cedric\node_modules\.bin;C:\Users\node_modules\.bin;C:\node_modules\.bin;C:\Users\cedric\AppData\Roaming\npm\node_modules\npm\node_modules\@npmcli\run-script\lib\node-gyp-bin;C:\Program Files\Eclipse Adoptium\jdk-11.0.16.8-hotspot\bin;C:\Program Files (x86)\Common Files\Oracle\Java\javapath;C:\Program Files\Microsoft MPI\Bin\;C:\app\cedric\product\21c\dbhomeXE\bin;C
USERNAME=cedric
LANG=fr_FR.UTF-8
OS=Windows_NT
PROCESSOR_IDENTIFIER=Intel64 Family 6 Model 78 Stepping 3, GenuineIntel
TMP=C:\Users\cedric\AppData\Local\Temp
TEMP=C:\Users\cedric\AppData\Local\Temp



---------------  S Y S T E M  ---------------

OS: Windows 10 , 64 bit Build 19041 (10.0.19041.2251)
OS uptime: 2 days 5:06 hours
Hyper-V role detected

CPU:total 4 (initial active 4) (2 cores per cpu, 2 threads per core) family 6 model 78 stepping 3 microcode 0xdc, cmov, cx8, fxsr, mmx, sse, sse2, sse3, ssse3, sse4.1, sse4.2, popcnt, avx, avx2, aes, clmul, erms, rtm, 3dnowpref, lzcnt, ht, tsc, tscinvbit, bmi1, bmi2, adx, fma

Memory: 4k page, system-wide physical 8082M (962M free)
TotalPageFile size 12920M (AvailPageFile size 68M)
current process WorkingSet (physical memory assigned to process): 9M, peak: 9M
current process commit charge ("private bytes"): 51M, peak: 179M

vm_info: OpenJDK 64-Bit Server VM (11.0.16+8) for windows-amd64 JRE (11.0.16+8), built on Jul 20 2022 07:15:32 by "" with MS VC++ 15.9 (VS2017)

END.
